android/app/build/intermediates/manifest_merge_blame_file/debug/manifest-merger-blame-debug-report.txt
1<?xml version="1.0" encoding="utf-8"?>
2<manifest xmlns:android="http://schemas.android.com/apk/res/android"
3    package="com.tanveergeolocation"
4    android:versionCode="1"
5    android:versionName="1.0" >
6
7    <uses-sdk
8        android:minSdkVersion="16"
9        android:targetSdkVersion="29" />
10
11    <uses-permission android:name="android.permission.SYSTEM_ALERT_WINDOW" />
11-->src/debug/AndroidManifest.xml:5:5-77
11-->src/debug/AndroidManifest.xml:5:22-75
12    <uses-permission android:name="android.permission.INTERNET" />
12-->src/main/AndroidManifest.xml:4:5-67
12-->src/main/AndroidManifest.xml:4:22-64
13    <uses-permission android:name="android.permission.ACCESS_WIFI_STATE" />
13-->[com.facebook.flipper:flipper:0.54.0] AndroidManifest.xml:16:5-76
13-->[com.facebook.flipper:flipper:0.54.0] AndroidManifest.xml:16:22-73
14    <uses-permission android:name="android.permission.RECEIVE_BOOT_COMPLETED" />
14-->[com.transistorsoft:tsbackgroundfetch:0.4.5] AndroidManifest.xml:11:5-81
14-->[com.transistorsoft:tsbackgroundfetch:0.4.5] AndroidManifest.xml:11:22-78
15    <uses-permission android:name="android.permission.WAKE_LOCK" />
15-->[com.transistorsoft:tsbackgroundfetch:0.4.5] AndroidManifest.xml:12:5-68
15-->[com.transistorsoft:tsbackgroundfetch:0.4.5] AndroidManifest.xml:12:22-65
16    <uses-permission android:name="android.permission.GET_TASKS" />
16-->[com.transistorsoft:tsbackgroundfetch:0.4.5] AndroidManifest.xml:13:5-68
16-->[com.transistorsoft:tsbackgroundfetch:0.4.5] AndroidManifest.xml:13:22-65
17    <uses-permission android:name="android.permission.ACCESS_NETWORK_STATE" />
17-->[com.transistorsoft:tslocationmanager:3.1.17] AndroidManifest.xml:4:5-78
17-->[com.transistorsoft:tslocationmanager:3.1.17] AndroidManifest.xml:4:22-76
18    <uses-permission android:name="android.permission.ACCESS_BACKGROUND_LOCATION" />
18-->[com.transistorsoft:tslocationmanager:3.1.17] AndroidManifest.xml:5:5-84
18-->[com.transistorsoft:tslocationmanager:3.1.17] AndroidManifest.xml:5:22-82
19    <uses-permission android:name="android.permission.ACCESS_COARSE_LOCATION" />
19-->[com.transistorsoft:tslocationmanager:3.1.17] AndroidManifest.xml:6:5-80
19-->[com.transistorsoft:tslocationmanager:3.1.17] AndroidManifest.xml:6:22-78
20    <uses-permission android:name="android.permission.ACTIVITY_RECOGNITION" />
20-->[com.transistorsoft:tslocationmanager:3.1.17] AndroidManifest.xml:7:5-78
20-->[com.transistorsoft:tslocationmanager:3.1.17] AndroidManifest.xml:7:22-76
21    <uses-permission android:name="android.permission.ACCESS_FINE_LOCATION" />
21-->[com.transistorsoft:tslocationmanager:3.1.17] AndroidManifest.xml:8:5-78
21-->[com.transistorsoft:tslocationmanager:3.1.17] AndroidManifest.xml:8:22-76
22    <uses-permission android:name="android.permission.ACCESS_LOCATION_EXTRA_COMMANDS" />
22-->[com.transistorsoft:tslocationmanager:3.1.17] AndroidManifest.xml:9:5-88
22-->[com.transistorsoft:tslocationmanager:3.1.17] AndroidManifest.xml:9:22-86
23    <uses-permission android:name="android.permission.FOREGROUND_SERVICE" />
23-->[com.transistorsoft:tslocationmanager:3.1.17] AndroidManifest.xml:11:5-76
23-->[com.transistorsoft:tslocationmanager:3.1.17] AndroidManifest.xml:11:22-74
24    <uses-permission android:name="com.google.android.gms.permission.ACTIVITY_RECOGNITION" /> <!-- device-specific permissions for DeviceSettings methods -->
24-->[com.transistorsoft:tslocationmanager:3.1.17] AndroidManifest.xml:12:5-93
24-->[com.transistorsoft:tslocationmanager:3.1.17] AndroidManifest.xml:12:22-91
25    <uses-permission android:name="oppo.permission.OPPO_COMPONENT_SAFE" />
25-->[com.transistorsoft:tslocationmanager:3.1.17] AndroidManifest.xml:16:5-74
25-->[com.transistorsoft:tslocationmanager:3.1.17] AndroidManifest.xml:16:22-72
26    <uses-permission android:name="com.huawei.permission.external_app_settings.USE_COMPONENT" />
26-->[com.transistorsoft:tslocationmanager:3.1.17] AndroidManifest.xml:17:5-96
26-->[com.transistorsoft:tslocationmanager:3.1.17] AndroidManifest.xml:17:22-94
27
28    <uses-feature
28-->[com.transistorsoft:tslocationmanager:3.1.17] AndroidManifest.xml:18:5-90
29        android:name="android.hardware.location.gps"
29-->[com.transistorsoft:tslocationmanager:3.1.17] AndroidManifest.xml:18:19-63
30        android:required="false" />
30-->[com.transistorsoft:tslocationmanager:3.1.17] AndroidManifest.xml:18:64-88
31
32    <application
32-->src/main/AndroidManifest.xml:6:5-25:19
33        android:name="com.tanveergeolocation.MainApplication"
33-->src/main/AndroidManifest.xml:7:7-38
34        android:allowBackup="false"
34-->src/main/AndroidManifest.xml:11:7-34
35        android:appComponentFactory="androidx.core.app.CoreComponentFactory"
35-->[androidx.core:core:1.1.0] AndroidManifest.xml:24:18-86
36        android:debuggable="true"
37        android:icon="@mipmap/ic_launcher"
37-->src/main/AndroidManifest.xml:9:7-41
38        android:label="@string/app_name"
38-->src/main/AndroidManifest.xml:8:7-39
39        android:roundIcon="@mipmap/ic_launcher_round"
39-->src/main/AndroidManifest.xml:10:7-52
40        android:theme="@style/AppTheme"
40-->src/main/AndroidManifest.xml:12:7-38
41        android:usesCleartextTraffic="true" >
41-->src/debug/AndroidManifest.xml:7:18-53
42        <activity
42-->src/main/AndroidManifest.xml:13:7-23:18
43            android:name="com.tanveergeolocation.MainActivity"
43-->src/main/AndroidManifest.xml:14:9-37
44            android:configChanges="keyboard|keyboardHidden|orientation|screenSize|uiMode"
44-->src/main/AndroidManifest.xml:16:9-86
45            android:label="@string/app_name"
45-->src/main/AndroidManifest.xml:15:9-41
46            android:launchMode="singleTask"
46-->src/main/AndroidManifest.xml:17:9-40
47            android:windowSoftInputMode="adjustResize" >
47-->src/main/AndroidManifest.xml:18:9-51
48            <intent-filter>
48-->src/main/AndroidManifest.xml:19:9-22:25
49                <action android:name="android.intent.action.MAIN" />
49-->src/main/AndroidManifest.xml:20:13-65
49-->src/main/AndroidManifest.xml:20:21-62
50
51                <category android:name="android.intent.category.LAUNCHER" />
51-->src/main/AndroidManifest.xml:21:13-73
51-->src/main/AndroidManifest.xml:21:23-70
52            </intent-filter>
53        </activity>
54        <activity android:name="com.facebook.react.devsupport.DevSettingsActivity" />
54-->src/main/AndroidManifest.xml:24:7-84
54-->src/main/AndroidManifest.xml:24:17-81
55        <activity
55-->[com.google.android.gms:play-services-base:17.0.0] AndroidManifest.xml:23:9-26:75
56            android:name="com.google.android.gms.common.api.GoogleApiActivity"
56-->[com.google.android.gms:play-services-base:17.0.0] AndroidManifest.xml:24:13-79
57            android:exported="false"
57-->[com.google.android.gms:play-services-base:17.0.0] AndroidManifest.xml:25:13-37
58            android:theme="@android:style/Theme.Translucent.NoTitleBar" />
58-->[com.google.android.gms:play-services-base:17.0.0] AndroidManifest.xml:26:13-72
59
60        <meta-data
60-->[com.google.android.gms:play-services-basement:17.0.0] AndroidManifest.xml:23:9-25:69
61            android:name="com.google.android.gms.version"
61-->[com.google.android.gms:play-services-basement:17.0.0] AndroidManifest.xml:24:13-58
62            android:value="@integer/google_play_services_version" />
62-->[com.google.android.gms:play-services-basement:17.0.0] AndroidManifest.xml:25:13-66
63
64        <receiver android:name="com.transistorsoft.tsbackgroundfetch.FetchAlarmReceiver" />
64-->[com.transistorsoft:tsbackgroundfetch:0.4.5] AndroidManifest.xml:16:9-92
64-->[com.transistorsoft:tsbackgroundfetch:0.4.5] AndroidManifest.xml:16:19-89
65
66        <service
66-->[com.transistorsoft:tsbackgroundfetch:0.4.5] AndroidManifest.xml:18:9-21:72
67            android:name="com.transistorsoft.tsbackgroundfetch.FetchJobService"
67-->[com.transistorsoft:tsbackgroundfetch:0.4.5] AndroidManifest.xml:19:13-80
68            android:exported="true"
68-->[com.transistorsoft:tsbackgroundfetch:0.4.5] AndroidManifest.xml:20:13-36
69            android:permission="android.permission.BIND_JOB_SERVICE" />
69-->[com.transistorsoft:tsbackgroundfetch:0.4.5] AndroidManifest.xml:21:13-69
70
71        <receiver android:name="com.transistorsoft.tsbackgroundfetch.BootReceiver" >
71-->[com.transistorsoft:tsbackgroundfetch:0.4.5] AndroidManifest.xml:23:9-28:20
71-->[com.transistorsoft:tsbackgroundfetch:0.4.5] AndroidManifest.xml:23:19-83
72            <intent-filter>
72-->[com.transistorsoft:tsbackgroundfetch:0.4.5] AndroidManifest.xml:24:13-27:29
73                <action android:name="android.intent.action.BOOT_COMPLETED" />
73-->[com.transistorsoft:tsbackgroundfetch:0.4.5] AndroidManifest.xml:25:17-79
73-->[com.transistorsoft:tsbackgroundfetch:0.4.5] AndroidManifest.xml:25:25-76
74                <action android:name="android.intent.action.MY_PACKAGE_REPLACED" />
74-->[com.transistorsoft:tsbackgroundfetch:0.4.5] AndroidManifest.xml:26:17-84
74-->[com.transistorsoft:tsbackgroundfetch:0.4.5] AndroidManifest.xml:26:25-81
75            </intent-filter>
76        </receiver>
77
78        <activity
78-->[com.transistorsoft:tslocationmanager:3.1.17] AndroidManifest.xml:20:9-224
79            android:name="com.transistorsoft.locationmanager.activity.TSLocationManagerActivity"
79-->[com.transistorsoft:tslocationmanager:3.1.17] AndroidManifest.xml:20:19-103
80            android:excludeFromRecents="true"
80-->[com.transistorsoft:tslocationmanager:3.1.17] AndroidManifest.xml:20:104-137
81            android:launchMode="singleInstance"
81-->[com.transistorsoft:tslocationmanager:3.1.17] AndroidManifest.xml:20:138-173
82            android:theme="@style/TSLocationManagerActivity" />
82-->[com.transistorsoft:tslocationmanager:3.1.17] AndroidManifest.xml:20:174-222
83
84        <service android:name="com.transistorsoft.locationmanager.service.TrackingService" />
84-->[com.transistorsoft:tslocationmanager:3.1.17] AndroidManifest.xml:21:9-93
84-->[com.transistorsoft:tslocationmanager:3.1.17] AndroidManifest.xml:21:18-91
85        <service android:name="com.transistorsoft.locationmanager.service.LocationRequestService" />
85-->[com.transistorsoft:tslocationmanager:3.1.17] AndroidManifest.xml:22:9-100
85-->[com.transistorsoft:tslocationmanager:3.1.17] AndroidManifest.xml:22:18-98
86        <service android:name="com.transistorsoft.locationmanager.service.HeartbeatService" />
86-->[com.transistorsoft:tslocationmanager:3.1.17] AndroidManifest.xml:23:9-94
86-->[com.transistorsoft:tslocationmanager:3.1.17] AndroidManifest.xml:23:18-92
87        <service android:name="com.transistorsoft.locationmanager.service.ActivityRecognitionService" />
87-->[com.transistorsoft:tslocationmanager:3.1.17] AndroidManifest.xml:24:9-104
87-->[com.transistorsoft:tslocationmanager:3.1.17] AndroidManifest.xml:24:18-102
88        <service android:name="com.transistorsoft.locationmanager.service.GeofencingService" />
88-->[com.transistorsoft:tslocationmanager:3.1.17] AndroidManifest.xml:25:9-95
88-->[com.transistorsoft:tslocationmanager:3.1.17] AndroidManifest.xml:25:18-93
89        <service android:name="com.transistorsoft.locationmanager.service.BackgroundTaskService" />
89-->[com.transistorsoft:tslocationmanager:3.1.17] AndroidManifest.xml:26:9-99
89-->[com.transistorsoft:tslocationmanager:3.1.17] AndroidManifest.xml:26:18-97
90
91        <receiver
91-->[com.transistorsoft:tslocationmanager:3.1.17] AndroidManifest.xml:27:9-127
92            android:name="com.transistorsoft.locationmanager.scheduler.ScheduleAlarmReceiver"
92-->[com.transistorsoft:tslocationmanager:3.1.17] AndroidManifest.xml:27:19-100
93            android:exported="false" />
93-->[com.transistorsoft:tslocationmanager:3.1.17] AndroidManifest.xml:27:101-125
94
95        <service android:name="com.transistorsoft.locationmanager.scheduler.ScheduleService" />
95-->[com.transistorsoft:tslocationmanager:3.1.17] AndroidManifest.xml:28:9-95
95-->[com.transistorsoft:tslocationmanager:3.1.17] AndroidManifest.xml:28:18-93
96        <service
96-->[com.transistorsoft:tslocationmanager:3.1.17] AndroidManifest.xml:29:9-155
97            android:name="com.transistorsoft.locationmanager.scheduler.ScheduleJobService"
97-->[com.transistorsoft:tslocationmanager:3.1.17] AndroidManifest.xml:29:18-96
98            android:permission="android.permission.BIND_JOB_SERVICE" />
98-->[com.transistorsoft:tslocationmanager:3.1.17] AndroidManifest.xml:29:97-153
99
100        <receiver
100-->[com.transistorsoft:tslocationmanager:3.1.17] AndroidManifest.xml:30:9-35:20
101            android:name="com.transistorsoft.locationmanager.BootReceiver"
101-->[com.transistorsoft:tslocationmanager:3.1.17] AndroidManifest.xml:30:19-81
102            android:exported="false" >
102-->[com.transistorsoft:tslocationmanager:3.1.17] AndroidManifest.xml:30:82-106
103            <intent-filter>
103-->[com.transistorsoft:tsbackgroundfetch:0.4.5] AndroidManifest.xml:24:13-27:29
104                <action android:name="android.intent.action.BOOT_COMPLETED" />
104-->[com.transistorsoft:tsbackgroundfetch:0.4.5] AndroidManifest.xml:25:17-79
104-->[com.transistorsoft:tsbackgroundfetch:0.4.5] AndroidManifest.xml:25:25-76
105                <action android:name="android.intent.action.MY_PACKAGE_REPLACED" />
105-->[com.transistorsoft:tsbackgroundfetch:0.4.5] AndroidManifest.xml:26:17-84
105-->[com.transistorsoft:tsbackgroundfetch:0.4.5] AndroidManifest.xml:26:25-81
106            </intent-filter>
107        </receiver>
108
109        <provider
109-->[com.transistorsoft:tslocationmanager:3.1.17] AndroidManifest.xml:36:9-38:20
110            android:name="com.transistorsoft.locationmanager.util.LogFileProvider"
110-->[com.transistorsoft:tslocationmanager:3.1.17] AndroidManifest.xml:36:19-89
111            android:authorities="com.tanveergeolocation.tslocationmanager.fileprovider"
111-->[com.transistorsoft:tslocationmanager:3.1.17] AndroidManifest.xml:36:90-159
112            android:exported="false"
112-->[com.transistorsoft:tslocationmanager:3.1.17] AndroidManifest.xml:36:160-184
113            android:grantUriPermissions="true" >
113-->[com.transistorsoft:tslocationmanager:3.1.17] AndroidManifest.xml:36:185-219
114            <meta-data
114-->[com.transistorsoft:tslocationmanager:3.1.17] AndroidManifest.xml:37:13-137
115                android:name="android.support.FILE_PROVIDER_PATHS"
115-->[com.transistorsoft:tslocationmanager:3.1.17] AndroidManifest.xml:37:24-74
116                android:resource="@xml/tslocationmanager_file_provider_path" />
116-->[com.transistorsoft:tslocationmanager:3.1.17] AndroidManifest.xml:37:75-135
117        </provider>
118
119        <activity
119-->[com.intentfilter:android-permissions:0.1.8] AndroidManifest.xml:12:9-15:59
120            android:name="com.intentfilter.androidpermissions.PermissionsActivity"
120-->[com.intentfilter:android-permissions:0.1.8] AndroidManifest.xml:13:13-83
121            android:excludeFromRecents="true"
121-->[com.intentfilter:android-permissions:0.1.8] AndroidManifest.xml:14:13-46
122            android:theme="@style/AppTheme.Transparent" />
122-->[com.intentfilter:android-permissions:0.1.8] AndroidManifest.xml:15:13-56
123    </application>
124
125</manifest>